# JRE version: OpenJDK Runtime Environment (8.0_152-b01) (build 1.8.0_152-release-1343-b01)
# Java VM: OpenJDK 64-Bit Server VM (25.152-b01 mixed mode windows-amd64 compressed oops)
Heap:
 PSYoungGen      total 420352K, used 127975K [0x00000000e0000000, 0x0000000100000000, 0x0000000100000000)
  eden space 322560K, 37% used [0x00000000e0000000,0x00000000e76f7080,0x00000000f3b00000)
  from space 97792K, 6% used [0x00000000f3b00000,0x00000000f4102c18,0x00000000f9a80000)
  to   space 97792K, 0% used [0x00000000fa080000,0x00000000fa080000,0x0000000100000000)
 ParOldGen       total 336384K, used 266890K [0x00000000a0000000, 0x00000000b4880000, 0x00000000e0000000)
  object space 336384K, 79% used [0x00000000a0000000,0x00000000b04a2a18,0x00000000b4880000)
 Metaspace       used 140752K, capacity 148245K, committed 148544K, reserved 1179648K
  class space    used 17439K, capacity 18960K, committed 19032K, reserved 1048576K
GC Heap History (10 events):
Event: 6393.483 GC heap before
{Heap before GC invocations=25 (full 4):
 PSYoungGen      total 435200K, used 429989K [0x00000000e0000000, 0x0000000100000000, 0x0000000100000000)
  eden space 395264K, 98% used [0x00000000e0000000,0x00000000f7cef988,0x00000000f8200000)
  from space 39936K, 99% used [0x00000000fd900000,0x00000000ffff9dc0,0x0000000100000000)
  to   space 64512K, 0% used [0x00000000f8200000,0x00000000f8200000,0x00000000fc100000)
 ParOldGen       total 336384K, used 130703K [0x00000000a0000000, 0x00000000b4880000, 0x00000000e0000000)
  object space 336384K, 38% used [0x00000000a0000000,0x00000000a7fa3cb8,0x00000000b4880000)
 Metaspace       used 130353K, capacity 137061K, committed 137536K, reserved 1169408K
  class space    used 16226K, capacity 17654K, committed 17752K, reserved 1048576K
Event: 6393.569 GC heap after
Heap after GC invocations=25 (full 4):
 PSYoungGen      total 459776K, used 64493K [0x00000000e0000000, 0x0000000100000000, 0x0000000100000000)
  eden space 395264K, 0% used [0x00000000e0000000,0x00000000e0000000,0x00000000f8200000)
  from space 64512K, 99% used [0x00000000f8200000,0x00000000fc0fb568,0x00000000fc100000)
  to   space 64512K, 0% used [0x00000000fc100000,0x00000000fc100000,0x0000000100000000)
 ParOldGen       total 336384K, used 161098K [0x00000000a0000000, 0x00000000b4880000, 0x00000000e0000000)
  object space 336384K, 47% used [0x00000000a0000000,0x00000000a9d528c8,0x00000000b4880000)
 Metaspace       used 130353K, capacity 137061K, committed 137536K, reserved 1169408K
  class space    used 16226K, capacity 17654K, committed 17752K, reserved 1048576K
}
Event: 6396.658 GC heap before
{Heap before GC invocations=26 (full 4):
 PSYoungGen      total 459776K, used 459757K [0x00000000e0000000, 0x0000000100000000, 0x0000000100000000)
  eden space 395264K, 100% used [0x00000000e0000000,0x00000000f8200000,0x00000000f8200000)
  from space 64512K, 99% used [0x00000000f8200000,0x00000000fc0fb568,0x00000000fc100000)
  to   space 64512K, 0% used [0x00000000fc100000,0x00000000fc100000,0x0000000100000000)
 ParOldGen       total 336384K, used 161098K [0x00000000a0000000, 0x00000000b4880000, 0x00000000e0000000)
  object space 336384K, 47% used [0x00000000a0000000,0x00000000a9d528c8,0x00000000b4880000)
 Metaspace       used 139994K, capacity 147441K, committed 147776K, reserved 1177600K
  class space    used 17401K, capacity 18912K, committed 19032K, reserved 1048576K
Event: 6396.753 GC heap after
Heap after GC invocations=26 (full 4):
 PSYoungGen      total 385024K, used 64497K [0x00000000e0000000, 0x0000000100000000, 0x0000000100000000)
  eden space 320512K, 0% used [0x00000000e0000000,0x00000000e0000000,0x00000000f3900000)
  from space 64512K, 99% used [0x00000000fc100000,0x00000000ffffc440,0x0000000100000000)
  to   space 101888K, 0% used [0x00000000f3900000,0x00000000f3900000,0x00000000f9c80000)
 ParOldGen       total 336384K, used 188493K [0x00000000a0000000, 0x00000000b4880000, 0x00000000e0000000)
  object space 336384K, 56% used [0x00000000a0000000,0x00000000ab813480,0x00000000b4880000)
 Metaspace       used 139994K, capacity 147441K, committed 147776K, reserved 1177600K
  class space    used 17401K, capacity 18912K, committed 19032K, reserved 1048576K
}
Event: 6398.259 GC heap before
{Heap before GC invocations=27 (full 4):
 PSYoungGen      total 385024K, used 385009K [0x00000000e0000000, 0x0000000100000000, 0x0000000100000000)
  eden space 320512K, 100% used [0x00000000e0000000,0x00000000f3900000,0x00000000f3900000)
  from space 64512K, 99% used [0x00000000fc100000,0x00000000ffffc440,0x0000000100000000)
  to   space 101888K, 0% used [0x00000000f3900000,0x00000000f3900000,0x00000000f9c80000)
 ParOldGen       total 336384K, used 188493K [0x00000000a0000000, 0x00000000b4880000, 0x00000000e0000000)
  object space 336384K, 56% used [0x00000000a0000000,0x00000000ab813480,0x00000000b4880000)
 Metaspace       used 140347K, capacity 147867K, committed 148032K, reserved 1177600K
  class space    used 17427K, capacity 18955K, committed 19032K, reserved 1048576K
Event: 6398.370 GC heap after
Heap after GC invocations=27 (full 4):
 PSYoungGen      total 422400K, used 52243K [0x00000000e0000000, 0x0000000100000000, 0x0000000100000000)
  eden space 320512K, 0% used [0x00000000e0000000,0x00000000e0000000,0x00000000f3900000)
  from space 101888K, 51% used [0x00000000f3900000,0x00000000f6c04e58,0x00000000f9c80000)
  to   space 99840K, 0% used [0x00000000f9e80000,0x00000000f9e80000,0x0000000100000000)
 ParOldGen       total 336384K, used 208978K [0x00000000a0000000, 0x00000000b4880000, 0x00000000e0000000)
  object space 336384K, 62% used [0x00000000a0000000,0x00000000acc14968,0x00000000b4880000)
 Metaspace       used 140347K, capacity 147867K, committed 148032K, reserved 1177600K
  class space    used 17427K, capacity 18955K, committed 19032K, reserved 1048576K
}
Event: 6399.762 GC heap before
{Heap before GC invocations=28 (full 4):
 PSYoungGen      total 422400K, used 372755K [0x00000000e0000000, 0x0000000100000000, 0x0000000100000000)
  eden space 320512K, 100% used [0x00000000e0000000,0x00000000f3900000,0x00000000f3900000)
  from space 101888K, 51% used [0x00000000f3900000,0x00000000f6c04e58,0x00000000f9c80000)
  to   space 99840K, 0% used [0x00000000f9e80000,0x00000000f9e80000,0x0000000100000000)
 ParOldGen       total 336384K, used 208978K [0x00000000a0000000, 0x00000000b4880000, 0x00000000e0000000)
  object space 336384K, 62% used [0x00000000a0000000,0x00000000acc14968,0x00000000b4880000)
 Metaspace       used 140682K, capacity 148179K, committed 148288K, reserved 1179648K
  class space    used 17438K, capacity 18959K, committed 19032K, reserved 1048576K
Event: 6399.843 GC heap after
Heap after GC invocations=28 (full 4):
 PSYoungGen      total 416256K, used 20048K [0x00000000e0000000, 0x00000000ffa00000, 0x0000000100000000)
  eden space 322560K, 0% used [0x00000000e0000000,0x00000000e0000000,0x00000000f3b00000)
  from space 93696K, 21% used [0x00000000f9e80000,0x00000000fb214150,0x00000000ffa00000)
  to   space 97792K, 0% used [0x00000000f3b00000,0x00000000f3b00000,0x00000000f9a80000)
 ParOldGen       total 336384K, used 250503K [0x00000000a0000000, 0x00000000b4880000, 0x00000000e0000000)
  object space 336384K, 74% used [0x00000000a0000000,0x00000000af4a1ef8,0x00000000b4880000)
 Metaspace       used 140682K, capacity 148179K, committed 148288K, reserved 1179648K
  class space    used 17438K, capacity 18959K, committed 19032K, reserved 1048576K
}
Event: 6400.845 GC heap before
{Heap before GC invocations=29 (full 4):
 PSYoungGen      total 416256K, used 342608K [0x00000000e0000000, 0x00000000ffa00000, 0x0000000100000000)
  eden space 322560K, 100% used [0x00000000e0000000,0x00000000f3b00000,0x00000000f3b00000)
  from space 93696K, 21% used [0x00000000f9e80000,0x00000000fb214150,0x00000000ffa00000)
  to   space 97792K, 0% used [0x00000000f3b00000,0x00000000f3b00000,0x00000000f9a80000)
 ParOldGen       total 336384K, used 250503K [0x00000000a0000000, 0x00000000b4880000, 0x00000000e0000000)
  object space 336384K, 74% used [0x00000000a0000000,0x00000000af4a1ef8,0x00000000b4880000)
 Metaspace       used 140686K, capacity 148179K, committed 148288K, reserved 1179648K
  class space    used 17438K, capacity 18959K, committed 19032K, reserved 1048576K
Event: 6400.881 GC heap after
Heap after GC invocations=29 (full 4):
 PSYoungGen      total 420352K, used 6155K [0x00000000e0000000, 0x0000000100000000, 0x0000000100000000)
  eden space 322560K, 0% used [0x00000000e0000000,0x00000000e0000000,0x00000000f3b00000)
  from space 97792K, 6% used [0x00000000f3b00000,0x00000000f4102c18,0x00000000f9a80000)
  to   space 97792K, 0% used [0x00000000fa080000,0x00000000fa080000,0x0000000100000000)
 ParOldGen       total 336384K, used 266890K [0x00000000a0000000, 0x00000000b4880000, 0x00000000e0000000)
  object space 336384K, 79% used [0x00000000a0000000,0x00000000b04a2a18,0x00000000b4880000)
 Metaspace       used 140686K, capacity 148179K, committed 148288K, reserved 1179648K
  class space    used 17438K, capacity 18959K, committed 19032K, reserved 1048576K
}

